<?xml version="1.0" encoding="utf-8"?>
<!DOCTYPE hibernate-configuration PUBLIC
	"-//Hibernate/Hibernate Configuration DTD 3.0//EN"
	"http://hibernate.sourceforge.net/hibernate-configuration-3.0.dtd">

<hibernate-configuration>
	<session-factory>
		<mapping resource="rule_attribute.hbm.xml" />
		<mapping resource="rule_attribute_value.hbm.xml" />
		<mapping resource="rule.hbm.xml" />
		<mapping resource="rule_type.hbm.xml" />
		<mapping resource="rule_entry.hbm.xml" />
	</session-factory>
</hibernate-configuration>
